This is pdfTeX, Version 3.14159265-2.6-1.40.21 (TeX Live 2020) (preloaded format=pdflatex 2021.3.4)  23 MAY 2021 11:01
entering extended mode
 restricted \write18 enabled.
 file:line:error style messages enabled.
 %&-line parsing enabled.
**cover.tex
(./cover.tex
LaTeX2e <2020-02-02> patch level 5
L3 programming layer <2020-03-06>

./cover.tex:66: LaTeX Error: Missing \begin{document}.

See the LaTeX manual or LaTeX Companion for explanation.
Type  H <return>  for immediate help.
 ...                                              
                                                  
l.66   \logoepfl
                
? 
./cover.tex:66: Emergency stop.
 ...                                              
                                                  
l.66   \logoepfl
                
You're in trouble here.  Try typing  <return>  to proceed.
If that doesn't work, type  X <return>  to quit.

 
Here is how much of TeX's memory you used:
 24 strings out of 480608
 562 string characters out of 5903631
 239610 words of memory out of 5000000
 16016 multiletter control sequences out of 15000+600000
 532338 words of font info for 24 fonts, out of 8000000 for 9000
 1141 hyphenation exceptions out of 8191
 12i,0n,15p,106b,22s stack positions out of 5000i,500n,10000p,200000b,80000s
./cover.tex:66:  ==> Fatal error occurred, no output PDF file produced!
