This is pdfTeX, Version 3.14159265-2.6-1.40.21 (TeX Live 2020) (preloaded format=pdflatex 2021.3.4)  10 JUN 2021 17:09
entering extended mode
 restricted \write18 enabled.
 file:line:error style messages enabled.
 %&-line parsing enabled.
**report.tex
(./report.tex
LaTeX2e <2020-02-02> patch level 5
L3 programming layer <2020-03-06>
(/usr/local/texlive/2020/texmf-dist/tex/latex/base/article.cls
Document Class: article 2019/12/20 v1.4l Standard LaTeX document class
(/usr/local/texlive/2020/texmf-dist/tex/latex/base/size11.clo
File: size11.clo 2019/12/20 v1.4l Standard LaTeX file (size option)
)
\c@part=\count167
\c@section=\count168
\c@subsection=\count169
\c@subsubsection=\count170
\c@paragraph=\count171
\c@subparagraph=\count172
\c@figure=\count173
\c@table=\count174
\abovecaptionskip=\skip47
\belowcaptionskip=\skip48
\bibindent=\dimen134
)
(/usr/local/texlive/2020/texmf-dist/tex/latex/graphics/graphicx.sty
Package: graphicx 2019/11/30 v1.2a Enhanced LaTeX Graphics (DPC,SPQR)

(/usr/local/texlive/2020/texmf-dist/tex/latex/graphics/keyval.sty
Package: keyval 2014/10/28 v1.15 key=value parser (DPC)
\KV@toks@=\toks15
)
(/usr/local/texlive/2020/texmf-dist/tex/latex/graphics/graphics.sty
Package: graphics 2019/11/30 v1.4a Standard LaTeX Graphics (DPC,SPQR)

(/usr/local/texlive/2020/texmf-dist/tex/latex/graphics/trig.sty
Package: trig 2016/01/03 v1.10 sin cos tan (DPC)
)
(/usr/local/texlive/2020/texmf-dist/tex/latex/graphics-cfg/graphics.cfg
File: graphics.cfg 2016/06/04 v1.11 sample graphics configuration
)
Package graphics Info: Driver file: pdftex.def on input line 105.

(/usr/local/texlive/2020/texmf-dist/tex/latex/graphics-def/pdftex.def
File: pdftex.def 2018/01/08 v1.0l Graphics/color driver for pdftex
))
\Gin@req@height=\dimen135
\Gin@req@width=\dimen136
)
(/usr/local/texlive/2020/texmf-dist/tex/latex/graphics/color.sty
Package: color 2019/11/23 v1.2a Standard LaTeX Color (DPC)

(/usr/local/texlive/2020/texmf-dist/tex/latex/graphics-cfg/color.cfg
File: color.cfg 2016/01/02 v1.6 sample color configuration
)
Package color Info: Driver file: pdftex.def on input line 147.
)
(/usr/local/texlive/2020/texmf-dist/tex/latex/amsfonts/amssymb.sty
Package: amssymb 2013/01/14 v3.01 AMS font symbols

(/usr/local/texlive/2020/texmf-dist/tex/latex/amsfonts/amsfonts.sty
Package: amsfonts 2013/01/14 v3.01 Basic AMSFonts support
\@emptytoks=\toks16
\symAMSa=\mathgroup4
\symAMSb=\mathgroup5
LaTeX Font Info:    Redeclaring math symbol \hbar on input line 98.
LaTeX Font Info:    Overwriting math alphabet `\mathfrak' in version `bold'
(Font)                  U/euf/m/n --> U/euf/b/n on input line 106.
))
(/usr/local/texlive/2020/texmf-dist/tex/latex/amsmath/amsmath.sty
Package: amsmath 2020/01/20 v2.17e AMS math features
\@mathmargin=\skip49

For additional information on amsmath, use the `?' option.
(/usr/local/texlive/2020/texmf-dist/tex/latex/amsmath/amstext.sty
Package: amstext 2000/06/29 v2.01 AMS text

(/usr/local/texlive/2020/texmf-dist/tex/latex/amsmath/amsgen.sty
File: amsgen.sty 1999/11/30 v2.0 generic functions
\@emptytoks=\toks17
\ex@=\dimen137
))
(/usr/local/texlive/2020/texmf-dist/tex/latex/amsmath/amsbsy.sty
Package: amsbsy 1999/11/29 v1.2d Bold Symbols
\pmbraise@=\dimen138
)
(/usr/local/texlive/2020/texmf-dist/tex/latex/amsmath/amsopn.sty
Package: amsopn 2016/03/08 v2.02 operator names
)
\inf@bad=\count175
LaTeX Info: Redefining \frac on input line 227.
\uproot@=\count176
\leftroot@=\count177
LaTeX Info: Redefining \overline on input line 389.
\classnum@=\count178
\DOTSCASE@=\count179
LaTeX Info: Redefining \ldots on input line 486.
LaTeX Info: Redefining \dots on input line 489.
LaTeX Info: Redefining \cdots on input line 610.
\Mathstrutbox@=\box45
\strutbox@=\box46
\big@size=\dimen139
LaTeX Font Info:    Redeclaring font encoding OML on input line 733.
LaTeX Font Info:    Redeclaring font encoding OMS on input line 734.
\macc@depth=\count180
\c@MaxMatrixCols=\count181
\dotsspace@=\muskip16
\c@parentequation=\count182
\dspbrk@lvl=\count183
\tag@help=\toks18
\row@=\count184
\column@=\count185
\maxfields@=\count186
\andhelp@=\toks19
\eqnshift@=\dimen140
\alignsep@=\dimen141
\tagshift@=\dimen142
\tagwidth@=\dimen143
\totwidth@=\dimen144
\lineht@=\dimen145
\@envbody=\toks20
\multlinegap=\skip50
\multlinetaggap=\skip51
\mathdisplay@stack=\toks21
LaTeX Info: Redefining \[ on input line 2859.
LaTeX Info: Redefining \] on input line 2860.
)
(/usr/local/texlive/2020/texmf-dist/tex/latex/tools/array.sty
Package: array 2019/08/31 v2.4l Tabular extension package (FMi)
\col@sep=\dimen146
\ar@mcellbox=\box47
\extrarowheight=\dimen147
\NC@list=\toks22
\extratabsurround=\skip52
\backup@length=\skip53
\ar@cellbox=\box48
)
(/usr/local/texlive/2020/texmf-dist/tex/latex/cite/cite.sty
LaTeX Info: Redefining \cite on input line 302.
LaTeX Info: Redefining \nocite on input line 332.
Package: cite 2015/02/27  v 5.5
)
(/usr/local/texlive/2020/texmf-dist/tex/latex/float/float.sty
Package: float 2001/11/08 v1.3d Float enhancements (AL)
\c@float@type=\count187
\float@exts=\toks23
\float@box=\box49
\@float@everytoks=\toks24
\@floatcapt=\box50
)
(/usr/local/texlive/2020/texmf-dist/tex/latex/url/url.sty
\Urlmuskip=\muskip17
Package: url 2013/09/16  ver 3.4  Verb mode for urls, etc.
)
(/usr/local/texlive/2020/texmf-dist/tex/latex/l3backend/l3backend-pdfmode.def
File: l3backend-pdfmode.def 2020-03-12 L3 backend support: PDF mode
\l__kernel_color_stack_int=\count188
\l__pdf_internal_box=\box51
)

LaTeX Warning: Unused global option(s):
    [openright].

(./report.aux)
\openout1 = `report.aux'.

LaTeX Font Info:    Checking defaults for OML/cmm/m/it on input line 8.
LaTeX Font Info:    ... okay on input line 8.
LaTeX Font Info:    Checking defaults for OMS/cmsy/m/n on input line 8.
LaTeX Font Info:    ... okay on input line 8.
LaTeX Font Info:    Checking defaults for OT1/cmr/m/n on input line 8.
LaTeX Font Info:    ... okay on input line 8.
LaTeX Font Info:    Checking defaults for T1/cmr/m/n on input line 8.
LaTeX Font Info:    ... okay on input line 8.
LaTeX Font Info:    Checking defaults for TS1/cmr/m/n on input line 8.
LaTeX Font Info:    ... okay on input line 8.
LaTeX Font Info:    Checking defaults for OMX/cmex/m/n on input line 8.
LaTeX Font Info:    ... okay on input line 8.
LaTeX Font Info:    Checking defaults for U/cmr/m/n on input line 8.
LaTeX Font Info:    ... okay on input line 8.

(/usr/local/texlive/2020/texmf-dist/tex/context/base/mkii/supp-pdf.mkii
[Loading MPS to PDF converter (version 2006.09.02).]
\scratchcounter=\count189
\scratchdimen=\dimen148
\scratchbox=\box52
\nofMPsegments=\count190
\nofMParguments=\count191
\everyMPshowfont=\toks25
\MPscratchCnt=\count192
\MPscratchDim=\dimen149
\MPnumerator=\count193
\makeMPintoPDFobject=\count194
\everyMPtoPDFconversion=\toks26
) (/usr/local/texlive/2020/texmf-dist/tex/latex/epstopdf-pkg/epstopdf-base.sty
Package: epstopdf-base 2020-01-24 v2.11 Base part for package epstopdf
Package epstopdf-base Info: Redefining graphics rule for `.eps' on input line 4
85.

(/usr/local/texlive/2020/texmf-dist/tex/latex/latexconfig/epstopdf-sys.cfg
File: epstopdf-sys.cfg 2010/07/13 v1.3 Configuration of (r)epstopdf for TeX Liv
e
))
(./cover.tex
Package epstopdf Info: Source file: <logo_epfl_coul.eps>
(epstopdf)                    date: 2019-06-11 13:30:02
(epstopdf)                    size: 104278 bytes
(epstopdf)             Output file: <logo_epfl_coul-eps-converted-to.pdf>
(epstopdf)                    date: 2019-06-11 13:30:02
(epstopdf)                    size: 19393 bytes
(epstopdf)             Command: <repstopdf --outfile=logo_epfl_coul-eps-convert
ed-to.pdf logo_epfl_coul.eps>
(epstopdf)             \includegraphics on input line 66.
Package epstopdf Info: Output file is already uptodate.
<logo_epfl_coul-eps-converted-to.pdf, id=1, 353.32pt x 170.6375pt>
File: logo_epfl_coul-eps-converted-to.pdf Graphic file (type pdf)
<use logo_epfl_coul-eps-converted-to.pdf>
Package pdftex.def Info: logo_epfl_coul-eps-converted-to.pdf  used on input lin
e 66.
(pdftex.def)             Requested size: 113.81102pt x 54.96442pt.
LaTeX Font Info:    Trying to load font information for U+msa on input line 79.

 (/usr/local/texlive/2020/texmf-dist/tex/latex/amsfonts/umsa.fd
File: umsa.fd 2013/01/14 v3.01 AMS symbols A
)
LaTeX Font Info:    Trying to load font information for U+msb on input line 79.


(/usr/local/texlive/2020/texmf-dist/tex/latex/amsfonts/umsb.fd
File: umsb.fd 2013/01/14 v3.01 AMS symbols B
)) [1

{/usr/local/texlive/2020/texmf-var/fonts/map/pdftex/updmap/pdftex.map} <./logo_
epfl_coul-eps-converted-to.pdf>] (./report.toc)
\tf@toc=\write3
\openout3 = `report.toc'.

 [1]
<wasm1.png, id=17, 1505.625pt x 788.9475pt>
File: wasm1.png Graphic file (type png)
<use wasm1.png>
Package pdftex.def Info: wasm1.png  used on input line 26.
(pdftex.def)             Requested size: 341.43306pt x 178.914pt.
<wasm2.png, id=19, 1505.625pt x 644.4075pt>
File: wasm2.png Graphic file (type png)
<use wasm2.png>
Package pdftex.def Info: wasm2.png  used on input line 35.
(pdftex.def)             Requested size: 341.43306pt x 146.13586pt.
 [2 <./wasm1.png>]
Overfull \hbox (2.3847pt too wide) in paragraph at lines 50--51
[]\OT1/cmr/m/n/10.95 Implementation of a fully func-tional ex-e-cu-tion mod-ule
 that uses WASM 
 []

[3 <./wasm2.png>] [4] [5] [6] [7] [8]
<wasm3.png, id=44, 1505.625pt x 669.2503pt>
File: wasm3.png Graphic file (type png)
<use wasm3.png>
Package pdftex.def Info: wasm3.png  used on input line 127.
(pdftex.def)             Requested size: 341.43306pt x 151.7696pt.
 [9 <./wasm3.png>]
<increase_counter.png, id=49, 1221.56375pt x 634.37pt>
File: increase_counter.png Graphic file (type png)
<use increase_counter.png>
Package pdftex.def Info: increase_counter.png  used on input line 143.
(pdftex.def)             Requested size: 369.88582pt x 192.08385pt.

Overfull \hbox (9.88582pt too wide) in paragraph at lines 143--144
 [][] 
 []


Underfull \vbox (badness 5274) has occurred while \output is active []

 [10]
<gen_mul.png, id=53, 1144.275pt x 600.2425pt>
File: gen_mul.png Graphic file (type png)
<use gen_mul.png>
Package pdftex.def Info: gen_mul.png  used on input line 154.
(pdftex.def)             Requested size: 369.88582pt x 194.02321pt.

Overfull \hbox (9.88582pt too wide) in paragraph at lines 154--155
 [][] 
 []


Underfull \vbox (badness 10000) has occurred while \output is active []

 [11 <./increase_counter.png>]
<point_mul.png, id=58, 1173.38374pt x 696.6025pt>
File: point_mul.png Graphic file (type png)
<use point_mul.png>
Package pdftex.def Info: point_mul.png  used on input line 163.
(pdftex.def)             Requested size: 369.88582pt x 219.59038pt.

Overfull \hbox (9.88582pt too wide) in paragraph at lines 163--164
 [][] 
 []


LaTeX Warning: `h' float specifier changed to `ht'.

<point_add.png, id=59, 923.45pt x 478.78876pt>
File: point_add.png Graphic file (type png)
<use point_add.png>
Package pdftex.def Info: point_add.png  used on input line 173.
(pdftex.def)             Requested size: 369.88582pt x 191.77512pt.

Overfull \hbox (9.88582pt too wide) in paragraph at lines 173--174
 [][] 
 []


Underfull \vbox (badness 4378) has occurred while \output is active []

 [12 <./gen_mul.png>] [13 <./point_mul.png> <./point_add.png>] [14]
Overfull \hbox (3.84052pt too wide) in paragraph at lines 202--203
[]\OT1/cmr/m/n/10.95 Since Sen-tinel val-i-dates WASM bi-na-ries in-dis-crim-i-
nately from their source
 []

[15] [16] [17] (./report.bbl
Underfull \hbox (badness 1033) in paragraph at lines 12--14
[]\OT1/cmr/m/n/10.95 Ethereum fla-vored we-bassem-bly (ewasm).  $\OT1/cmtt/m/n/
10.95 https : / / github . com /
 []


Underfull \hbox (badness 7925) in paragraph at lines 32--35
[]\OT1/cmr/m/n/10.95 Standardizing wasi: A sys-tem in-ter-face to run we-bassem
-
 []


Underfull \hbox (badness 5064) in paragraph at lines 32--35
\OT1/cmr/m/n/10.95 bly out-side the web.  $\OT1/cmtt/m/n/10.95 https : / / hack
s . mozilla . org / 2019 / 03 /
 []

) [18] (./report.aux) ) 
Here is how much of TeX's memory you used:
 2683 strings out of 480608
 34916 string characters out of 5903631
 273355 words of memory out of 5000000
 18542 multiletter control sequences out of 15000+600000
 538971 words of font info for 49 fonts, out of 8000000 for 9000
 1141 hyphenation exceptions out of 8191
 30i,15n,31p,1088b,335s stack positions out of 5000i,500n,10000p,200000b,80000s
</usr/local/texlive/2020/texmf-dist/fonts/type1/public/a
msfonts/cm/cmbx10.pfb></usr/local/texlive/2020/texmf-dist/fonts/type1/public/am
sfonts/cm/cmbx12.pfb></usr/local/texlive/2020/texmf-dist/fonts/type1/public/ams
fonts/cm/cmmi10.pfb></usr/local/texlive/2020/texmf-dist/fonts/type1/public/amsf
onts/cm/cmr10.pfb></usr/local/texlive/2020/texmf-dist/fonts/type1/public/amsfon
ts/cm/cmr12.pfb></usr/local/texlive/2020/texmf-dist/fonts/type1/public/amsfonts
/cm/cmr17.pfb></usr/local/texlive/2020/texmf-dist/fonts/type1/public/amsfonts/c
m/cmtt10.pfb>
Output written on report.pdf (19 pages, 1419025 bytes).
PDF statistics:
 112 PDF objects out of 1000 (max. 8388607)
 68 compressed objects within 1 object stream
 0 named destinations out of 1000 (max. 500000)
 41 words of extra memory for PDF output out of 10000 (max. 10000000)

